[2025-09-02T21:16:14.622+0800] INFO - local_task_job_runner.py:123 - _execute() - ::group::Pre task execution logs
[2025-09-02T21:16:14.888+0800] INFO - taskinstance.py:2613 - are_dependencies_met() - Dependencies all met for dep_context=non-requeueable deps ti=<TaskInstance: hahow_crawler_dag.start_crawler scheduled__2025-08-31T18:00:00+00:00 [queued]>
[2025-09-02T21:16:15.001+0800] INFO - taskinstance.py:2613 - are_dependencies_met() - Dependencies all met for dep_context=requeueable deps ti=<TaskInstance: hahow_crawler_dag.start_crawler scheduled__2025-08-31T18:00:00+00:00 [queued]>
[2025-09-02T21:16:15.003+0800] INFO - taskinstance.py:2866 - _check_and_change_state_before_execution() - Starting attempt 1 of 2
[2025-09-02T21:16:15.111+0800] INFO - taskinstance.py:2889 - _check_and_change_state_before_execution() - Executing <Task(BashOperator): start_crawler> on 2025-08-31 18:00:00+00:00
[2025-09-02T21:16:15.185+0800] INFO - standard_task_runner.py:72 - _start_by_fork() - Started process 246 to run task
[2025-09-02T21:16:15.335+0800] INFO - standard_task_runner.py:104 - _start_by_fork() - Running: ['***', 'tasks', 'run', 'hahow_crawler_dag', 'start_crawler', 'scheduled__2025-08-31T18:00:00+00:00', '--job-id', '5', '--raw', '--subdir', 'DAGS_FOLDER/hahow_crawler_dag.py', '--cfg-path', '/tmp/tmpnrc0ok35']
[2025-09-02T21:16:15.358+0800] INFO - standard_task_runner.py:105 - _start_by_fork() - Job 5: Subtask start_crawler
[2025-09-02T21:16:15.868+0800] INFO - task_command.py:467 - task_run() - Running <TaskInstance: hahow_crawler_dag.start_crawler scheduled__2025-08-31T18:00:00+00:00 [running]> on host a246a11defc8
[2025-09-02T21:16:17.293+0800] INFO - taskinstance.py:3132 - _execute_task_with_callbacks() - Exporting env vars: AIRFLOW_CTX_DAG_OWNER='data-team' AIRFLOW_CTX_DAG_ID='hahow_crawler_dag' AIRFLOW_CTX_TASK_ID='start_crawler' AIRFLOW_CTX_EXECUTION_DATE='2025-08-31T18:00:00+00:00' AIRFLOW_CTX_TRY_NUMBER='1' AIRFLOW_CTX_DAG_RUN_ID='scheduled__2025-08-31T18:00:00+00:00'
[2025-09-02T21:16:17.354+0800] INFO - taskinstance.py:731 - _execute_callable() - ::endgroup::
[2025-09-02T21:16:17.501+0800] INFO - subprocess.py:78 - run_command() - Tmp dir root location: /tmp
[2025-09-02T21:16:17.504+0800] INFO - subprocess.py:88 - run_command() - Running command: ['/usr/bin/bash', '-c', 'echo "開始執行 Hahow 爬蟲任務..."']
[2025-09-02T21:16:17.589+0800] INFO - subprocess.py:99 - run_command() - Output:
[2025-09-02T21:16:17.964+0800] INFO - subprocess.py:106 - run_command() - 開始執行 Hahow 爬蟲任務...
[2025-09-02T21:16:17.965+0800] INFO - subprocess.py:110 - run_command() - Command exited with return code 0
[2025-09-02T21:16:18.419+0800] INFO - taskinstance.py:340 - _run_raw_task() - ::group::Post task execution logs
[2025-09-02T21:16:18.432+0800] INFO - taskinstance.py:352 - _run_raw_task() - Marking task as SUCCESS. dag_id=hahow_crawler_dag, task_id=start_crawler, run_id=scheduled__2025-08-31T18:00:00+00:00, execution_date=20250831T180000, start_date=20250902T131614, end_date=20250902T131618
[2025-09-02T21:16:18.791+0800] INFO - local_task_job_runner.py:266 - handle_task_exit() - Task exited with return code 0
[2025-09-02T21:16:18.930+0800] INFO - local_task_job_runner.py:245 - _execute() - ::endgroup::
