[2025-09-02T21:16:32.602+0800] INFO - local_task_job_runner.py:123 - _execute() - ::group::Pre task execution logs
[2025-09-02T21:16:32.664+0800] INFO - taskinstance.py:2613 - are_dependencies_met() - Dependencies all met for dep_context=non-requeueable deps ti=<TaskInstance: hahow_crawler_dag.crawl_article_marketing scheduled__2025-08-31T18:00:00+00:00 [queued]>
[2025-09-02T21:16:32.704+0800] INFO - taskinstance.py:2613 - are_dependencies_met() - Dependencies all met for dep_context=requeueable deps ti=<TaskInstance: hahow_crawler_dag.crawl_article_marketing scheduled__2025-08-31T18:00:00+00:00 [queued]>
[2025-09-02T21:16:32.710+0800] INFO - taskinstance.py:2866 - _check_and_change_state_before_execution() - Starting attempt 1 of 2
[2025-09-02T21:16:33.042+0800] INFO - taskinstance.py:2889 - _check_and_change_state_before_execution() - Executing <Task(PythonOperator): crawl_article_marketing> on 2025-08-31 18:00:00+00:00
[2025-09-02T21:16:33.091+0800] INFO - standard_task_runner.py:72 - _start_by_fork() - Started process 399 to run task
[2025-09-02T21:16:33.206+0800] INFO - standard_task_runner.py:104 - _start_by_fork() - Running: ['***', 'tasks', 'run', 'hahow_crawler_dag', 'crawl_article_marketing', 'scheduled__2025-08-31T18:00:00+00:00', '--job-id', '24', '--raw', '--subdir', 'DAGS_FOLDER/hahow_crawler_dag.py', '--cfg-path', '/tmp/tmp50tpdqvi']
[2025-09-02T21:16:33.229+0800] INFO - standard_task_runner.py:105 - _start_by_fork() - Job 24: Subtask crawl_article_marketing
[2025-09-02T21:16:33.905+0800] INFO - task_command.py:467 - task_run() - Running <TaskInstance: hahow_crawler_dag.crawl_article_marketing scheduled__2025-08-31T18:00:00+00:00 [running]> on host a246a11defc8
[2025-09-02T21:16:36.571+0800] INFO - taskinstance.py:3132 - _execute_task_with_callbacks() - Exporting env vars: AIRFLOW_CTX_DAG_OWNER='data-team' AIRFLOW_CTX_DAG_ID='hahow_crawler_dag' AIRFLOW_CTX_TASK_ID='crawl_article_marketing' AIRFLOW_CTX_EXECUTION_DATE='2025-08-31T18:00:00+00:00' AIRFLOW_CTX_TRY_NUMBER='1' AIRFLOW_CTX_DAG_RUN_ID='scheduled__2025-08-31T18:00:00+00:00'
[2025-09-02T21:16:36.588+0800] INFO - taskinstance.py:731 - _execute_callable() - ::endgroup::
[2025-09-02T21:16:40.701+0800] INFO - logging_mixin.py:190 - _propagate_log() - category: marketing, page:1, status_code:200
[2025-09-02T21:16:42.651+0800] INFO - logging_mixin.py:190 - _propagate_log() - category: marketing, page:2, status_code:200
[2025-09-02T21:16:53.105+0800] INFO - logging_mixin.py:190 - _propagate_log() - category: marketing, page:3, status_code:200
[2025-09-02T21:16:54.357+0800] INFO - logging_mixin.py:190 - _propagate_log() - category: marketing, page:4, status_code:200
[2025-09-02T21:16:55.220+0800] INFO - logging_mixin.py:190 - _propagate_log() - category: marketing, page:5, status_code:200
[2025-09-02T21:16:55.750+0800] INFO - logging_mixin.py:190 - _propagate_log() - category: marketing, page:6, status_code:200
[2025-09-02T21:16:55.871+0800] INFO - logging_mixin.py:190 - _propagate_log() - hahow_article_marketing.csv saved.
[2025-09-02T21:16:55.874+0800] INFO - python.py:240 - execute() - Done. Returned value was: None
[2025-09-02T21:16:55.891+0800] INFO - taskinstance.py:340 - _run_raw_task() - ::group::Post task execution logs
[2025-09-02T21:16:55.892+0800] INFO - taskinstance.py:352 - _run_raw_task() - Marking task as SUCCESS. dag_id=hahow_crawler_dag, task_id=crawl_article_marketing, run_id=scheduled__2025-08-31T18:00:00+00:00, execution_date=20250831T180000, start_date=20250902T131632, end_date=20250902T131655
[2025-09-02T21:16:55.954+0800] INFO - local_task_job_runner.py:266 - handle_task_exit() - Task exited with return code 0
[2025-09-02T21:16:55.980+0800] INFO - taskinstance.py:3895 - _schedule_downstream_tasks() - 1 downstream tasks scheduled from follow-on schedule check
[2025-09-02T21:16:55.983+0800] INFO - local_task_job_runner.py:245 - _execute() - ::endgroup::
